<?xml version="1.0" encoding="UTF-8"?>
<!-- Generated by org.testng.reporters.JUnitReportReporter -->
<testsuite hostname="LAPTOP-VD18QKBL" name="scripts.FlipCartTest" tests="1" failures="0" timestamp="22 Nov 2020 14:01:59 GMT" time="30.918" errors="0">
  <testcase name="allLinksFlipCart" time="30.918" classname="scripts.FlipCartTest"/>
</testsuite> <!-- scripts.FlipCartTest -->
