<?xml version="1.0" encoding="UTF-8"?>
<!-- Generated by org.testng.reporters.JUnitReportReporter -->
<testsuite hostname="LAPTOP-VD18QKBL" name="scripts.AlertTest" tests="3" failures="0" timestamp="1 Oct 2020 09:49:24 GMT" time="35.256" errors="0">
  <testcase name="alertHandlin2" time="12.128" classname="scripts.AlertTest"/>
  <testcase name="alertsHandling1" time="11.470" classname="scripts.AlertTest"/>
  <testcase name="alertHandlin3" time="11.658" classname="scripts.AlertTest"/>
</testsuite> <!-- scripts.AlertTest -->
