<?xml version="1.0" encoding="UTF-8"?>
<!-- Generated by org.testng.reporters.JUnitReportReporter -->
<testsuite hostname="LAPTOP-VD18QKBL" name="waits.LearingWaits" tests="1" failures="0" timestamp="3 Oct 2020 17:19:16 GMT" time="16.932" errors="0">
  <testcase name="herokuappLogin" time="16.932" classname="waits.LearingWaits"/>
</testsuite> <!-- waits.LearingWaits -->
