<?xml version="1.0" encoding="UTF-8"?>
<!-- Generated by org.testng.reporters.JUnitReportReporter -->
<testsuite hostname="LAPTOP-VD18QKBL" name="waits.FramesPractice" tests="4" failures="0" timestamp="5 Oct 2020 17:31:02 GMT" time="39.681" errors="0">
  <testcase name="testFrameByContent" time="12.651" classname="waits.FramesPractice"/>
  <testcase name="testIframe" time="8.104" classname="waits.FramesPractice"/>
  <testcase name="frameWithIndex" time="9.601" classname="waits.FramesPractice"/>
  <testcase name="frameIdorName" time="9.325" classname="waits.FramesPractice"/>
</testsuite> <!-- waits.FramesPractice -->
