<?xml version="1.0" encoding="UTF-8"?>
<!-- Generated by org.testng.reporters.JUnitReportReporter -->
<testsuite hostname="LAPTOP-VD18QKBL" name="scripts.WikipediaTest" tests="1" failures="0" timestamp="24 Sep 2020 10:45:04 GMT" time="9.270" errors="0">
  <testcase name="wikiPedia" time="9.270" classname="scripts.WikipediaTest"/>
</testsuite> <!-- scripts.WikipediaTest -->
