<?xml version="1.0" encoding="UTF-8"?>
<!-- Generated by org.testng.reporters.JUnitReportReporter -->
<testsuite hostname="LAPTOP-VD18QKBL" name="scripts.MyFirstTestNGTest" tests="2" failures="0" timestamp="1 Nov 2020 09:21:43 GMT" time="64.737" errors="0">
  <testcase name="myFirstTest" time="49.639" classname="scripts.MyFirstTestNGTest"/>
  <testcase name="testGoogleSearch" time="15.098" classname="scripts.MyFirstTestNGTest"/>
</testsuite> <!-- scripts.MyFirstTestNGTest -->
