<?xml version="1.0" encoding="UTF-8"?>
<!-- Generated by org.testng.reporters.JUnitReportReporter -->
<testsuite hostname="LAPTOP-VD18QKBL" name="scripts.MySecondTestNGTest" tests="2" failures="0" timestamp="20 Sep 2020 06:31:44 GMT" time="59.375" errors="0">
  <testcase name="myFirstTest" time="49.404" classname="scripts.MySecondTestNGTest"/>
  <testcase name="testGoogleSearch" time="9.971" classname="scripts.MySecondTestNGTest"/>
</testsuite> <!-- scripts.MySecondTestNGTest -->
