<?xml version="1.0" encoding="UTF-8"?>
<!-- Generated by org.testng.reporters.JUnitReportReporter -->
<testsuite hostname="LAPTOP-VD18QKBL" name="scripts.YahooTest" tests="1" failures="0" timestamp="22 Nov 2020 13:58:01 GMT" time="210.979" errors="0">
  <testcase name="yahooLogin" time="210.979" classname="scripts.YahooTest"/>
</testsuite> <!-- scripts.YahooTest -->
