<?xml version="1.0" encoding="UTF-8"?>
<!-- Generated by org.testng.reporters.JUnitReportReporter -->
<testsuite hostname="LAPTOP-VD18QKBL" name="scripts.MyFirstTestNGTestUsingPO" tests="1" failures="0" timestamp="22 Nov 2020 14:04:32 GMT" time="18.397" errors="0">
  <testcase name="nicheThyselfLogin" time="18.397" classname="scripts.MyFirstTestNGTestUsingPO"/>
</testsuite> <!-- scripts.MyFirstTestNGTestUsingPO -->
