<?xml version="1.0" encoding="UTF-8"?>
<!-- Generated by org.testng.reporters.JUnitReportReporter -->
<testsuite hostname="LAPTOP-VD18QKBL" name="poenhanced.MyFirstTestNGTestUsingTwoPageObjects" tests="1" failures="0" timestamp="24 Oct 2020 17:02:12 GMT" time="14.389" errors="0">
  <testcase name="nicheThyselfLogin" time="14.389" classname="poenhanced.MyFirstTestNGTestUsingTwoPageObjects"/>
</testsuite> <!-- poenhanced.MyFirstTestNGTestUsingTwoPageObjects -->
