<?xml version="1.0" encoding="UTF-8"?>
<!-- Generated by org.testng.reporters.JUnitReportReporter -->
<testsuite hostname="LAPTOP-VD18QKBL" name="scripts.LearningWebElementCommands" tests="1" failures="0" timestamp="20 Sep 2020 08:31:18 GMT" time="3.690" errors="0">
  <testcase name="googleLinks" time="3.690" classname="scripts.LearningWebElementCommands"/>
</testsuite> <!-- scripts.LearningWebElementCommands -->
